<?xml version="1.0" encoding="UTF-8"?>
<testsuite name="FileValidatorTest" tests="12" skipped="0" failures="0" errors="0" timestamp="2025-01-25T16:19:29" hostname="DESKTOP-2F9TN2V" time="0.193">
  <properties/>
  <testcase name="sortListStream_performOperation_correctResults()" classname="FileValidatorTest" time="0.109"/>
  <testcase name="validateFilesStream_processedInStream_correctResults()" classname="FileValidatorTest" time="0.005"/>
  <testcase name="sortList_performOperation_correctResults()" classname="FileValidatorTest" time="0.008"/>
  <testcase name="removeHiddenFiles_performOperation_correctResults()" classname="FileValidatorTest" time="0.011"/>
  <testcase name="validateFiles_processedInList_correctResults()" classname="FileValidatorTest" time="0.003"/>
  <testcase name="makeLowerCase_performOperation_correctResults()" classname="FileValidatorTest" time="0.004"/>
  <testcase name="collectStreamResults_performOperation_returnList()" classname="FileValidatorTest" time="0.003"/>
  <testcase name="removeHiddenFilesStream_performOperation_correctResults()" classname="FileValidatorTest" time="0.007"/>
  <testcase name="removeDraftFiles_performOperation_correctResults()" classname="FileValidatorTest" time="0.002"/>
  <testcase name="makeLowerCaseStream_performOperation_correctResults()" classname="FileValidatorTest" time="0.002"/>
  <testcase name="createStream_arrayListOfItems_returnsStreamOfItems()" classname="FileValidatorTest" time="0.001"/>
  <testcase name="removeDraftFilesStream_performOperation_correctResults()" classname="FileValidatorTest" time="0.005"/>
  <system-out><![CDATA[]]></system-out>
  <system-err><![CDATA[]]></system-err>
</testsuite>
